<?xml version="1.0" encoding="UTF-8"?>
<testsuite xmlns:xsi="http://www.w3.org/2001/XMLSchema-instance" xsi:noNamespaceSchemaLocation="https://maven.apache.org/surefire/maven-surefire-plugin/xsd/surefire-test-report.xsd" name="com.example.diversity.services.CSVImportServiceTest" time="1.632" tests="1" errors="1" skipped="0" failures="0">
  <properties>
[...]
</properties>
  <testcase name="importSenators" classname="com.example.diversity.services.CSVImportServiceTest" time="1.142">
    <error message="StatementCallback; SQL [INSERT INTO public.senators(&#10;	&quot;personId&quot;, &quot;yearStart&quot;, &quot;yearEnd&quot;, state)&#10;	VALUES (&apos;3&apos;, &apos;1987-01-01&apos;, &apos;2020-01-01&apos;, &apos;Alabama&apos;);]; ERROR: duplicate key value violates unique constraint &quot;senators_pkey&quot;&#10;  Detail: Key (&quot;personId&quot;, &quot;yearStart&quot;)=(3, 1987-01-01) already exists.; nested exception is org.postgresql.util.PSQLException: ERROR: duplicate key value violates unique constraint &quot;senators_pkey&quot;&#10;  Detail: Key (&quot;personId&quot;, &quot;yearStart&quot;)=(3, 1987-01-01) already exists." type="org.springframework.dao.DuplicateKeyException">org.springframework.dao.DuplicateKeyException: 
StatementCallback; SQL [INSERT INTO public.senators(
	"personId", "yearStart", "yearEnd", state)
	VALUES ('3', '1987-01-01', '2020-01-01', 'Alabama');]; ERROR: duplicate key value violates unique constraint "senators_pkey"
  Detail: Key ("personId", "yearStart")=(3, 1987-01-01) already exists.; nested exception is org.postgresql.util.PSQLException: ERROR: duplicate key value violates unique constraint "senators_pkey"
  Detail: Key ("personId", "yearStart")=(3, 1987-01-01) already exists.
	at com.example.diversity.services.CSVImportServiceTest.importSenators(CSVImportServiceTest.java:23)
Caused by: org.postgresql.util.PSQLException: 
ERROR: duplicate key value violates unique constraint "senators_pkey"
  Detail: Key ("personId", "yearStart")=(3, 1987-01-01) already exists.
	at com.example.diversity.services.CSVImportServiceTest.importSenators(CSVImportServiceTest.java:23)
</error>
    <system-out><![CDATA[2020-12-14 11:08:54.885  INFO 66606 --- [           main] .b.t.c.SpringBootTestContextBootstrapper : Neither @ContextConfiguration nor @ContextHierarchy found for test class [com.example.diversity.services.CSVImportServiceTest], using SpringBootContextLoader
2020-12-14 11:08:54.886  INFO 66606 --- [           main] o.s.t.c.support.AbstractContextLoader    : Could not detect default resource locations for test class [com.example.diversity.services.CSVImportServiceTest]: no resource found for suffixes {-context.xml, Context.groovy}.
2020-12-14 11:08:54.886  INFO 66606 --- [           main] t.c.s.AnnotationConfigContextLoaderUtils : Could not detect default configuration classes for test class [com.example.diversity.services.CSVImportServiceTest]: CSVImportServiceTest does not declare any static, non-private, non-final, nested classes annotated with @Configuration.
2020-12-14 11:08:54.894  INFO 66606 --- [           main] .b.t.c.SpringBootTestContextBootstrapper : Found @SpringBootConfiguration com.example.diversity.DiversityApplication for test class com.example.diversity.services.CSVImportServiceTest
2020-12-14 11:08:54.895  INFO 66606 --- [           main] .b.t.c.SpringBootTestContextBootstrapper : Loaded default TestExecutionListener class names from location [META-INF/spring.factories]: [org.springframework.boot.test.mock.mockito.MockitoTestExecutionListener, org.springframework.boot.test.mock.mockito.ResetMocksTestExecutionListener, org.springframework.boot.test.autoconfigure.restdocs.RestDocsTestExecutionListener, org.springframework.boot.test.autoconfigure.web.client.MockRestServiceServerResetTestExecutionListener, org.springframework.boot.test.autoconfigure.web.servlet.MockMvcPrintOnlyOnFailureTestExecutionListener, org.springframework.boot.test.autoconfigure.web.servlet.WebDriverTestExecutionListener, org.springframework.boot.test.autoconfigure.webservices.client.MockWebServiceServerTestExecutionListener, org.springframework.test.context.web.ServletTestExecutionListener, org.springframework.test.context.support.DirtiesContextBeforeModesTestExecutionListener, org.springframework.test.context.support.DependencyInjectionTestExecutionListener, org.springframework.test.context.support.DirtiesContextTestExecutionListener, org.springframework.test.context.transaction.TransactionalTestExecutionListener, org.springframework.test.context.jdbc.SqlScriptsTestExecutionListener, org.springframework.test.context.event.EventPublishingTestExecutionListener]
2020-12-14 11:08:54.896  INFO 66606 --- [           main] .b.t.c.SpringBootTestContextBootstrapper : Using TestExecutionListeners: [org.springframework.test.context.web.ServletTestExecutionListener@9281d19, org.springframework.test.context.support.DirtiesContextBeforeModesTestExecutionListener@36ad5f2a, org.springframework.boot.test.mock.mockito.MockitoTestExecutionListener@53cddaf8, org.springframework.boot.test.autoconfigure.SpringBootDependencyInjectionTestExecutionListener@55c50f52, org.springframework.test.context.support.DirtiesContextTestExecutionListener@1ccc1026, org.springframework.test.context.transaction.TransactionalTestExecutionListener@4044589a, org.springframework.test.context.jdbc.SqlScriptsTestExecutionListener@7de35070, org.springframework.test.context.event.EventPublishingTestExecutionListener@216f01, org.springframework.boot.test.mock.mockito.ResetMocksTestExecutionListener@7c901203, org.springframework.boot.test.autoconfigure.restdocs.RestDocsTestExecutionListener@1e721583, org.springframework.boot.test.autoconfigure.web.client.MockRestServiceServerResetTestExecutionListener@79f5a6ed, org.springframework.boot.test.autoconfigure.web.servlet.MockMvcPrintOnlyOnFailureTestExecutionListener@722787b5, org.springframework.boot.test.autoconfigure.web.servlet.WebDriverTestExecutionListener@edb83f8, org.springframework.boot.test.autoconfigure.webservices.client.MockWebServiceServerTestExecutionListener@8b41ad]

  .   ____          _            __ _ _
 /\\ / ___'_ __ _ _(_)_ __  __ _ \ \ \ \
( ( )\___ | '_ | '_| | '_ \/ _` | \ \ \ \
 \\/  ___)| |_)| | | | | || (_| |  ) ) ) )
  '  |____| .__|_| |_|_| |_\__, | / / / /
 =========|_|==============|___/=/_/_/_/
 :: Spring Boot ::                (v2.4.0)

2020-12-14 11:08:54.918  INFO 66606 --- [           main] c.e.d.services.CSVImportServiceTest      : Starting CSVImportServiceTest using Java 15 on C02CWQ7AML7H.local with PID 66606 (started by ezubkoff in /Users/ezubkoff/Desktop/github/Diversity/springBoot-diversity)
2020-12-14 11:08:54.918  INFO 66606 --- [           main] c.e.d.services.CSVImportServiceTest      : The following profiles are active: production
2020-12-14 11:08:55.246  INFO 66606 --- [           main] o.s.s.web.DefaultSecurityFilterChain     : Will secure any request with [org.springframework.security.web.context.request.async.WebAsyncManagerIntegrationFilter@d62472f, org.springframework.security.web.context.SecurityContextPersistenceFilter@51f01535, org.springframework.security.web.header.HeaderWriterFilter@22c8ee48, org.springframework.security.web.csrf.CsrfFilter@4cfcac13, org.springframework.security.web.authentication.logout.LogoutFilter@4276ad40, org.springframework.security.web.authentication.UsernamePasswordAuthenticationFilter@21090c88, org.springframework.security.web.savedrequest.RequestCacheAwareFilter@2321e482, org.springframework.security.web.servletapi.SecurityContextHolderAwareRequestFilter@467ef400, org.springframework.security.web.authentication.AnonymousAuthenticationFilter@63a84bb6, org.springframework.security.web.session.SessionManagementFilter@7845b21a, org.springframework.security.web.access.ExceptionTranslationFilter@5c25d0d1, org.springframework.security.web.access.intercept.FilterSecurityInterceptor@1570cad0]
2020-12-14 11:08:55.354  WARN 66606 --- [           main] ion$DefaultTemplateResolverConfiguration : Cannot find template location: classpath:/templates/ (please add some templates or check your Thymeleaf configuration)
2020-12-14 11:08:55.390  INFO 66606 --- [           main] c.e.d.services.CSVImportServiceTest      : Started CSVImportServiceTest in 0.492 seconds (JVM running for 8.639)
2020-12-14 11:08:55.401  INFO 66606 --- [           main] com.zaxxer.hikari.HikariDataSource       : HikariPool-1 - Starting...
2020-12-14 11:08:56.291  INFO 66606 --- [           main] com.zaxxer.hikari.HikariDataSource       : HikariPool-1 - Start completed.
]]></system-out>
  </testcase>
</testsuite>